polybar|notice:  Parsing config file: /home/binx/.config/polybar/config.ini
polybar|notice:  Listening for IPC messages (PID: 2590)
polybar|notice:  Loading module 'xworkspaces' of type 'internal/xworkspaces'
polybar|notice:  Loading module 'xwindow' of type 'internal/xwindow'
polybar|notice:  Loading module 'filesystem' of type 'internal/fs'
polybar|notice:  Loading module 'pulseaudio' of type 'internal/pulseaudio'
polybar|notice:  pulseaudio: using default sink alsa_output.usb-ARTURIA_MiniFuse_1_8831400513150534-00.Direct__hw_M1__sink
polybar|notice:  Loading module 'xkeyboard' of type 'internal/xkeyboard'
polybar|notice:  Loading module 'memory' of type 'internal/memory'
polybar|notice:  Loading module 'cpu' of type 'internal/cpu'
polybar|notice:  Loading module 'wlan' of type 'internal/network'
polybar|notice:  module/wlan: Discovered wireless interface wlan0
polybar|notice:  Loading module 'eth' of type 'internal/network'
polybar|notice:  module/eth: Discovered wired interface enp42s0
polybar|notice:  Loading module 'date' of type 'internal/date'
polybar|notice:  Loaded 10 modules
polybar|notice:  Loaded font "monospace" (name=Noto Sans Mono, offset=2, file=/usr/share/fonts/noto/NotoSansMono-Regular.ttf)
polybar|warn:  background_manager: Failed to get root pixmap, default to black (is there a wallpaper?)
polybar|warn:  background_manager: Failed to get root pixmap, default to black (is there a wallpaper?)
polybar|warn:  background_manager: Failed to get root pixmap, default to black (is there a wallpaper?)
polybar|warn:  background_manager: Failed to get root pixmap, default to black (is there a wallpaper?)
polybar|notice:  Received signal(2): Interrupt
polybar|notice:  Termination signal received, shutting down...
polybar|notice:  Parsing config file: /home/binx/.config/polybar/config.ini
polybar|notice:  Listening for IPC messages (PID: 2606)
polybar|notice:  Loading module 'xworkspaces' of type 'internal/xworkspaces'
polybar|notice:  Loading module 'xwindow' of type 'internal/xwindow'
polybar|notice:  Loading module 'filesystem' of type 'internal/fs'
polybar|notice:  Loading module 'pulseaudio' of type 'internal/pulseaudio'
polybar|notice:  pulseaudio: using default sink alsa_output.usb-ARTURIA_MiniFuse_1_8831400513150534-00.Direct__hw_M1__sink
polybar|notice:  Loading module 'xkeyboard' of type 'internal/xkeyboard'
polybar|notice:  Loading module 'memory' of type 'internal/memory'
polybar|notice:  Loading module 'cpu' of type 'internal/cpu'
polybar|notice:  Loading module 'wlan' of type 'internal/network'
polybar|notice:  module/wlan: Discovered wireless interface wlan0
polybar|notice:  Loading module 'eth' of type 'internal/network'
polybar|notice:  module/eth: Discovered wired interface enp42s0
polybar|notice:  Loading module 'date' of type 'internal/date'
polybar|notice:  Loaded 10 modules
polybar|notice:  Loaded font "monospace" (name=Noto Sans Mono, offset=2, file=/usr/share/fonts/noto/NotoSansMono-Regular.ttf)
polybar|warn:  background_manager: Failed to get root pixmap, default to black (is there a wallpaper?)
polybar|warn:  background_manager: Failed to get root pixmap, default to black (is there a wallpaper?)
polybar|warn:  background_manager: Failed to get root pixmap, default to black (is there a wallpaper?)
polybar|warn:  background_manager: Failed to get root pixmap, default to black (is there a wallpaper?)
polybar|warn:  background_manager: Failed to get root pixmap, default to black (is there a wallpaper?)
polybar|warn:  Dropping unmatched character '😸' (U+1f638) in ' catppuccin/catppuccin: 😸 Soothing pastel theme for the high-...'
polybar|warn:  Dropping unmatched character '😸' (U+1f638) in ' catppuccin/catppuccin: 😸 Soothing pastel theme for the high-...'
polybar|warn:  Dropping unmatched character '😸' (U+1f638) in ' catppuccin/catppuccin: 😸 Soothing pastel theme for the high-...'
polybar|warn:  Dropping unmatched character '😸' (U+1f638) in ' catppuccin/catppuccin: 😸 Soothing pastel theme for the high-...'
polybar|warn:  Dropping unmatched character '😸' (U+1f638) in ' catppuccin/catppuccin: 😸 Soothing pastel theme for the high-...'
polybar|warn:  Dropping unmatched character '😸' (U+1f638) in ' catppuccin/catppuccin: 😸 Soothing pastel theme for the high-...'
polybar|warn:  Dropping unmatched character '😸' (U+1f638) in ' catppuccin/catppuccin: 😸 Soothing pastel theme for the high-...'
polybar|warn:  Dropping unmatched character '😸' (U+1f638) in ' catppuccin/catppuccin: 😸 Soothing pastel theme for the high-...'
polybar|warn:  Dropping unmatched character '😸' (U+1f638) in ' catppuccin/catppuccin: 😸 Soothing pastel theme for the high-...'
polybar|warn:  Dropping unmatched character '😸' (U+1f638) in ' catppuccin/catppuccin: 😸 Soothing pastel theme for the high-...'
polybar|warn:  Dropping unmatched character '😸' (U+1f638) in ' catppuccin/catppuccin: 😸 Soothing pastel theme for the high-...'
polybar|warn:  Dropping unmatched character '😸' (U+1f638) in ' catppuccin/catppuccin: 😸 Soothing pastel theme for the high-...'
polybar|warn:  Dropping unmatched character '😸' (U+1f638) in ' catppuccin/catppuccin: 😸 Soothing pastel theme for the high-...'
polybar|warn:  Dropping unmatched character '😸' (U+1f638) in ' catppuccin/catppuccin: 😸 Soothing pastel theme for the high-...'
polybar|warn:  Dropping unmatched character '😸' (U+1f638) in ' catppuccin/catppuccin: 😸 Soothing pastel theme for the high-...'
polybar|warn:  Dropping unmatched character '😸' (U+1f638) in ' catppuccin/catppuccin: 😸 Soothing pastel theme for the high-...'
polybar|warn:  Dropping unmatched character '😸' (U+1f638) in ' catppuccin/catppuccin: 😸 Soothing pastel theme for the high-...'
polybar|warn:  Dropping unmatched character '😸' (U+1f638) in ' catppuccin/catppuccin: 😸 Soothing pastel theme for the high-...'
polybar|warn:  Dropping unmatched character '😸' (U+1f638) in ' catppuccin/catppuccin: 😸 Soothing pastel theme for the high-...'
polybar|warn:  Dropping unmatched character '😸' (U+1f638) in ' catppuccin/catppuccin: 😸 Soothing pastel theme for the high-...'
polybar|warn:  Dropping unmatched character '😸' (U+1f638) in ' catppuccin/catppuccin: 😸 Soothing pastel theme for the high-...'
polybar|warn:  Dropping unmatched character '😸' (U+1f638) in ' catppuccin/catppuccin: 😸 Soothing pastel theme for the high-...'
polybar|warn:  Dropping unmatched character '😸' (U+1f638) in ' catppuccin/catppuccin: 😸 Soothing pastel theme for the high-...'
polybar|warn:  Dropping unmatched character '😸' (U+1f638) in ' catppuccin/catppuccin: 😸 Soothing pastel theme for the high-...'
polybar|warn:  Dropping unmatched character '😸' (U+1f638) in ' catppuccin/catppuccin: 😸 Soothing pastel theme for the high-...'
polybar|warn:  Dropping unmatched character '😸' (U+1f638) in ' catppuccin/catppuccin: 😸 Soothing pastel theme for the high-...'
polybar|warn:  Dropping unmatched character '😸' (U+1f638) in ' catppuccin/catppuccin: 😸 Soothing pastel theme for the high-...'
polybar|warn:  Dropping unmatched character '😸' (U+1f638) in ' catppuccin/catppuccin: 😸 Soothing pastel theme for the high-...'
polybar|warn:  Dropping unmatched character '😸' (U+1f638) in ' catppuccin/catppuccin: 😸 Soothing pastel theme for the high-...'
polybar|warn:  Dropping unmatched character '😸' (U+1f638) in ' catppuccin/catppuccin: 😸 Soothing pastel theme for the high-...'
polybar|warn:  Dropping unmatched character '😸' (U+1f638) in ' catppuccin/catppuccin: 😸 Soothing pastel theme for the high-...'
polybar|warn:  Dropping unmatched character '😸' (U+1f638) in ' catppuccin/catppuccin: 😸 Soothing pastel theme for the high-...'
polybar|warn:  Dropping unmatched character '😸' (U+1f638) in ' catppuccin/catppuccin: 😸 Soothing pastel theme for the high-...'
polybar|warn:  Dropping unmatched character '😸' (U+1f638) in ' catppuccin/catppuccin: 😸 Soothing pastel theme for the high-...'
polybar|warn:  Dropping unmatched character '😸' (U+1f638) in ' catppuccin/catppuccin: 😸 Soothing pastel theme for the high-...'
polybar|warn:  Dropping unmatched character '😸' (U+1f638) in ' catppuccin/catppuccin: 😸 Soothing pastel theme for the high-...'
polybar|warn:  Dropping unmatched character '😸' (U+1f638) in ' catppuccin/catppuccin: 😸 Soothing pastel theme for the high-...'
polybar|warn:  Dropping unmatched character '😸' (U+1f638) in ' catppuccin/catppuccin: 😸 Soothing pastel theme for the high-...'
polybar|warn:  Dropping unmatched character '😸' (U+1f638) in ' catppuccin/catppuccin: 😸 Soothing pastel theme for the high-...'
polybar|warn:  Dropping unmatched character '😸' (U+1f638) in ' catppuccin/catppuccin: 😸 Soothing pastel theme for the high-...'
polybar|warn:  Dropping unmatched character '🌻' (U+1f33b) in ' catppuccin/i3: 🌻 Soothing pastel themes for i3 & sway — Mozi...'
polybar|warn:  Dropping unmatched character '🌻' (U+1f33b) in ' catppuccin/i3: 🌻 Soothing pastel themes for i3 & sway — Mozi...'
polybar|warn:  Dropping unmatched character '🌻' (U+1f33b) in ' catppuccin/i3: 🌻 Soothing pastel themes for i3 & sway — Mozi...'
polybar|warn:  Dropping unmatched character '🌻' (U+1f33b) in ' catppuccin/i3: 🌻 Soothing pastel themes for i3 & sway — Mozi...'
polybar|warn:  Dropping unmatched character '🌻' (U+1f33b) in ' catppuccin/i3: 🌻 Soothing pastel themes for i3 & sway — Mozi...'
polybar|warn:  Dropping unmatched character '🌻' (U+1f33b) in ' catppuccin/i3: 🌻 Soothing pastel themes for i3 & sway — Mozi...'
polybar|warn:  Dropping unmatched character '🌻' (U+1f33b) in ' catppuccin/i3: 🌻 Soothing pastel themes for i3 & sway — Mozi...'
polybar|warn:  Dropping unmatched character '🌻' (U+1f33b) in ' catppuccin/i3: 🌻 Soothing pastel themes for i3 & sway — Mozi...'
polybar|warn:  Dropping unmatched character '🌻' (U+1f33b) in ' catppuccin/i3: 🌻 Soothing pastel themes for i3 & sway — Mozi...'
polybar|warn:  Dropping unmatched character '🌻' (U+1f33b) in ' catppuccin/i3: 🌻 Soothing pastel themes for i3 & sway — Mozi...'
polybar|warn:  Dropping unmatched character '🌻' (U+1f33b) in ' catppuccin/i3: 🌻 Soothing pastel themes for i3 & sway — Mozi...'
polybar|warn:  Dropping unmatched character '🌻' (U+1f33b) in ' catppuccin/i3: 🌻 Soothing pastel themes for i3 & sway — Mozi...'
polybar|warn:  Dropping unmatched character '🌻' (U+1f33b) in ' catppuccin/i3: 🌻 Soothing pastel themes for i3 & sway — Mozi...'
polybar|warn:  Dropping unmatched character '🌻' (U+1f33b) in ' catppuccin/i3: 🌻 Soothing pastel themes for i3 & sway — Mozi...'
polybar|warn:  Dropping unmatched character '🌻' (U+1f33b) in ' catppuccin/i3: 🌻 Soothing pastel themes for i3 & sway — Mozi...'
polybar|warn:  Dropping unmatched character '🌻' (U+1f33b) in ' catppuccin/i3: 🌻 Soothing pastel themes for i3 & sway — Mozi...'
polybar|warn:  Dropping unmatched character '🌻' (U+1f33b) in ' catppuccin/i3: 🌻 Soothing pastel themes for i3 & sway — Mozi...'
polybar|warn:  Dropping unmatched character '🌻' (U+1f33b) in ' catppuccin/i3: 🌻 Soothing pastel themes for i3 & sway — Mozi...'
polybar|warn:  Dropping unmatched character '🌻' (U+1f33b) in ' catppuccin/i3: 🌻 Soothing pastel themes for i3 & sway — Mozi...'
polybar|warn:  Dropping unmatched character '🌻' (U+1f33b) in ' catppuccin/i3: 🌻 Soothing pastel themes for i3 & sway — Mozi...'
polybar|warn:  Dropping unmatched character '🌻' (U+1f33b) in ' catppuccin/i3: 🌻 Soothing pastel themes for i3 & sway — Mozi...'
polybar|warn:  Dropping unmatched character '🌻' (U+1f33b) in ' catppuccin/i3: 🌻 Soothing pastel themes for i3 & sway — Mozi...'
polybar|warn:  Dropping unmatched character '🌻' (U+1f33b) in ' catppuccin/i3: 🌻 Soothing pastel themes for i3 & sway — Mozi...'
polybar|warn:  Dropping unmatched character '🌻' (U+1f33b) in ' catppuccin/i3: 🌻 Soothing pastel themes for i3 & sway — Mozi...'
polybar|warn:  Dropping unmatched character '🌻' (U+1f33b) in ' catppuccin/i3: 🌻 Soothing pastel themes for i3 & sway — Mozi...'
polybar|warn:  Dropping unmatched character '🌻' (U+1f33b) in ' catppuccin/i3: 🌻 Soothing pastel themes for i3 & sway — Mozi...'
polybar|warn:  Dropping unmatched character '🌻' (U+1f33b) in ' catppuccin/i3: 🌻 Soothing pastel themes for i3 & sway — Mozi...'
polybar|warn:  Dropping unmatched character '🌻' (U+1f33b) in ' catppuccin/i3: 🌻 Soothing pastel themes for i3 & sway — Mozi...'
polybar|warn:  Dropping unmatched character '🌻' (U+1f33b) in ' catppuccin/i3: 🌻 Soothing pastel themes for i3 & sway — Mozi...'
polybar|warn:  background_manager: Failed to get root pixmap, default to black (is there a wallpaper?)
polybar|warn:  Dropping unmatched character '🌻' (U+1f33b) in ' catppuccin/i3: 🌻 Soothing pastel themes for i3 & sway — Mozi...'
polybar|warn:  Dropping unmatched character '🌻' (U+1f33b) in ' catppuccin/i3: 🌻 Soothing pastel themes for i3 & sway — Mozi...'
polybar|warn:  Dropping unmatched character '🌻' (U+1f33b) in ' catppuccin/i3: 🌻 Soothing pastel themes for i3 & sway — Mozi...'
polybar|warn:  Dropping unmatched character '🌻' (U+1f33b) in ' catppuccin/i3: 🌻 Soothing pastel themes for i3 & sway — Mozi...'
polybar|warn:  Dropping unmatched character '🌻' (U+1f33b) in ' catppuccin/i3: 🌻 Soothing pastel themes for i3 & sway — Mozi...'
polybar|warn:  Dropping unmatched character '🌻' (U+1f33b) in ' catppuccin/i3: 🌻 Soothing pastel themes for i3 & sway — Mozi...'
polybar|warn:  Dropping unmatched character '🌻' (U+1f33b) in ' catppuccin/i3: 🌻 Soothing pastel themes for i3 & sway — Mozi...'
polybar|warn:  Dropping unmatched character '🌻' (U+1f33b) in ' catppuccin/i3: 🌻 Soothing pastel themes for i3 & sway — Mozi...'
polybar|warn:  Dropping unmatched character '🦊' (U+1f98a) in ' Catppuccin Mocha - Mauve – Get this Theme for 🦊 Firefox (en-...'
polybar|warn:  Dropping unmatched character '🦊' (U+1f98a) in ' Catppuccin Mocha - Mauve – Get this Theme for 🦊 Firefox (en-...'
polybar|warn:  Dropping unmatched character '🦊' (U+1f98a) in ' Catppuccin Mocha - Mauve – Get this Theme for 🦊 Firefox (en-...'
polybar|warn:  Dropping unmatched character '🦊' (U+1f98a) in ' Catppuccin Mocha - Mauve – Get this Theme for 🦊 Firefox (en-...'
polybar|warn:  Dropping unmatched character '🦊' (U+1f98a) in ' Catppuccin Mocha - Mauve – Get this Theme for 🦊 Firefox (en-...'
polybar|warn:  Dropping unmatched character '🦊' (U+1f98a) in ' Catppuccin Mocha - Mauve – Get this Theme for 🦊 Firefox (en-...'
polybar|notice:  Received signal(15): Terminated
polybar|notice:  Termination signal received, shutting down...
